<?xml version="1.0" encoding="UTF-8"?>
<!-- Generated by org.testng.reporters.JUnitReportReporter -->
<testsuite hostname="DESKTOP-9JCE1NT" failures="0" tests="2" name="TestScenario.TestCases" time="11.614" errors="0" timestamp="2023-07-01T11:33:25 EEST" skipped="0">
  <testcase classname="TestScenario.TestCases" name="signUp" time="8.822"/>
  <system-out/>
  <testcase classname="TestScenario.TestCases" name="signIn" time="2.792"/>
  <system-out/>
</testsuite> <!-- TestScenario.TestCases -->
